
==========================================================================
floorplan final report_tns
--------------------------------------------------------------------------
tns 0.00

==========================================================================
floorplan final report_wns
--------------------------------------------------------------------------
wns 0.00

==========================================================================
floorplan final report_worst_slack
--------------------------------------------------------------------------
worst slack 1.27

==========================================================================
floorplan final report_checks -path_delay min
--------------------------------------------------------------------------
Startpoint: s2 (input port clocked by core_clock)
Endpoint: y0 (output port clocked by core_clock)
Path Group: core_clock
Path Type: min

Fanout     Cap    Slew   Delay    Time   Description
-----------------------------------------------------------------------------
                  0.00    0.00    0.00   clock core_clock (rise edge)
                          0.00    0.00   clock network delay (ideal)
                          0.50    0.50 ^ input external delay
     8    0.02    0.00    0.00    0.50 ^ s2 (in)
                                         s2 (net)
                  0.00    0.00    0.50 ^ _0_/A (sky130_fd_sc_hd__nor4b_2)
     1    0.00    0.02    0.01    0.51 v _0_/Y (sky130_fd_sc_hd__nor4b_2)
                                         y0 (net)
                  0.02    0.00    0.51 v y0 (out)
                                  0.51   data arrival time

                  0.00    0.00    0.00   clock core_clock (rise edge)
                          0.00    0.00   clock network delay (ideal)
                          0.00    0.00   clock reconvergence pessimism
                         -0.50   -0.50   output external delay
                                 -0.50   data required time
-----------------------------------------------------------------------------
                                 -0.50   data required time
                                 -0.51   data arrival time
-----------------------------------------------------------------------------
                                  1.01   slack (MET)



==========================================================================
floorplan final report_checks -path_delay max
--------------------------------------------------------------------------
Startpoint: s1 (input port clocked by core_clock)
Endpoint: y1 (output port clocked by core_clock)
Path Group: core_clock
Path Type: max

Fanout     Cap    Slew   Delay    Time   Description
-----------------------------------------------------------------------------
                  0.00    0.00    0.00   clock core_clock (rise edge)
                          0.00    0.00   clock network delay (ideal)
                          0.50    0.50 v input external delay
     8    0.01    0.00    0.00    0.50 v s1 (in)
                                         s1 (net)
                  0.00    0.00    0.50 v _1_/B_N (sky130_fd_sc_hd__and4bb_2)
     1    0.00    0.03    0.23    0.73 ^ _1_/X (sky130_fd_sc_hd__and4bb_2)
                                         y1 (net)
                  0.03    0.00    0.73 ^ y1 (out)
                                  0.73   data arrival time

                  0.00    2.50    2.50   clock core_clock (rise edge)
                          0.00    2.50   clock network delay (ideal)
                          0.00    2.50   clock reconvergence pessimism
                         -0.50    2.00   output external delay
                                  2.00   data required time
-----------------------------------------------------------------------------
                                  2.00   data required time
                                 -0.73   data arrival time
-----------------------------------------------------------------------------
                                  1.27   slack (MET)



==========================================================================
floorplan final report_checks -unconstrained
--------------------------------------------------------------------------
Startpoint: s1 (input port clocked by core_clock)
Endpoint: y1 (output port clocked by core_clock)
Path Group: core_clock
Path Type: max

Fanout     Cap    Slew   Delay    Time   Description
-----------------------------------------------------------------------------
                  0.00    0.00    0.00   clock core_clock (rise edge)
                          0.00    0.00   clock network delay (ideal)
                          0.50    0.50 v input external delay
     8    0.01    0.00    0.00    0.50 v s1 (in)
                                         s1 (net)
                  0.00    0.00    0.50 v _1_/B_N (sky130_fd_sc_hd__and4bb_2)
     1    0.00    0.03    0.23    0.73 ^ _1_/X (sky130_fd_sc_hd__and4bb_2)
                                         y1 (net)
                  0.03    0.00    0.73 ^ y1 (out)
                                  0.73   data arrival time

                  0.00    2.50    2.50   clock core_clock (rise edge)
                          0.00    2.50   clock network delay (ideal)
                          0.00    2.50   clock reconvergence pessimism
                         -0.50    2.00   output external delay
                                  2.00   data required time
-----------------------------------------------------------------------------
                                  2.00   data required time
                                 -0.73   data arrival time
-----------------------------------------------------------------------------
                                  1.27   slack (MET)



==========================================================================
floorplan final report_power
--------------------------------------------------------------------------
Group                  Internal  Switching    Leakage      Total
                          Power      Power      Power      Power (Watts)
----------------------------------------------------------------
Sequential             0.00e+00   0.00e+00   0.00e+00   0.00e+00   0.0%
Combinational          4.48e-06   0.00e+00   3.36e-11   4.48e-06 100.0%
Clock                  0.00e+00   0.00e+00   0.00e+00   0.00e+00   0.0%
Macro                  0.00e+00   0.00e+00   0.00e+00   0.00e+00   0.0%
Pad                    0.00e+00   0.00e+00   0.00e+00   0.00e+00   0.0%
----------------------------------------------------------------
Total                  4.48e-06   0.00e+00   3.36e-11   4.48e-06 100.0%
                         100.0%       0.0%       0.0%
